Build started 28/06/2016 09:39:00.
     1>Project "K:\Components\LibraryV2\GDAL\GDAL_2.0.2_VC_Solution\libgdal-2.0.2\test_libgdal2\test_libgdal2.vcxproj" on node 2 (build target(s)).
     1>InitializeBuildStatus:
         Creating "K:\Components\LibraryV2\GDAL\GDAL_2.0.2_VC_Solution\libgdal-2.0.2\test_libgdal2\x64\Debug\test_static_gdal-2.0.2.unsuccessfulbuild" because "AlwaysCreate" was specified.
       ClCompile:
         c:\Program Files (x86)\Microsoft Visual Studio 10.0\VC\bin\x86_amd64\CL.exe /c /I"../../gdal-2.0.2/alg" /I"../../gdal-2.0.2/frmts" /I"../../gdal-2.0.2/frmts/blx" /I"../../gdal-2.0.2/frmts/gif/giflib" /I"../../gdal-2.0.2/frmts/gtiff" /I"../../gdal-2.0.2/frmts/gtiff/libgeotiff" /I"../../gdal-2.0.2/frmts/gtiff/libtiff" /I"../../gdal-2.0.2/frmts/idrisi" /I"../../gdal-2.0.2/frmts/iso8211" /I"../../gdal-2.0.2/frmts/jpeg" /I"../../gdal-2.0.2/frmts/jpeg/libjpeg" /I"../../gdal-2.0.2/frmts/mem" /I"../../gdal-2.0.2/frmts/pcidsk/sdk" /I"../../gdal-2.0.2/frmts/pcidsk/sdk/segment" /I"../../gdal-2.0.2/frmts/pcraster/libcsf" /I"../../gdal-2.0.2/frmts/pds" /I"../../gdal-2.0.2/frmts/png/libpng" /I"../../gdal-2.0.2/frmts/raw" /I"../../gdal-2.0.2/frmts/sdts" /I"../../gdal-2.0.2/frmts/vrt" /I"../../gdal-2.0.2/frmts/zlib" /I"../../gdal-2.0.2/gcore" /I"../../gdal-2.0.2/ogr" /I"../../gdal-2.0.2/ogr/ogrsf_frmts" /I"../../gdal-2.0.2/ogr/ogrsf_frmts/avc" /I"../../gdal-2.0.2/ogr/ogrsf_frmts/generic" /I"../../gdal-2.0.2/ogr/ogrsf_frmts/geojson/libjson" /I"../../gdal-2.0.2/ogr/ogrsf_frmts/geojson" /I"../../gdal-2.0.2/ogr/ogrsf_frmts/mem" /I"../../gdal-2.0.2/ogr/ogrsf_frmts/shape" /I"../../gdal-2.0.2/ogr/ogrsf_frmts/sqlite" /I"../../gdal-2.0.2/ogr/ogrsf_frmts/xplane" /I"../../gdal-2.0.2/port" /I"../../3rdpart/expat-2.1.0/lib" /I"../../3rdpart/sqlite-3.12/sqlite-3.12-amalgamation" /Zi /nologo /W3 /WX- /Od /D WIN32 /D _DEBUG /D _CONSOLE /D OGR_ENABLED /D _UNICODE /D UNICODE /Gm /EHsc /RTC1 /MDd /GS /fp:precise /Zc:wchar_t /Zc:forScope /Fo"K:\Components\LibraryV2\GDAL\GDAL_2.0.2_VC_Solution\libgdal-2.0.2\test_libgdal2\x64\Debug\\" /Fd"K:\Components\LibraryV2\GDAL\GDAL_2.0.2_VC_Solution\libgdal-2.0.2\test_libgdal2\x64\Debug\vc100.pdb" /Gd /TP /errorReport:prompt test_libgdal2.cpp
         test_libgdal2.cpp
     1>K:\Components\LibraryV2\GDAL\GDAL_2.0.2_VC_Solution\gdal-2.0.2\port\cpl_string.h(237): warning C4251: 'std::_String_val<_Elem,_Alloc>::_Alval' : class 'std::allocator<_Ty>' needs to have dll-interface to be used by clients of class 'std::_String_val<_Elem,_Alloc>'
                 with
                 [
                     _Elem=char,
                     _Alloc=std::allocator<char>
                 ]
                 and
                 [
                     _Ty=char
                 ]
                 and
                 [
                     _Elem=char,
                     _Alloc=std::allocator<char>
                 ]
     1>K:\Components\LibraryV2\GDAL\GDAL_2.0.2_VC_Solution\gdal-2.0.2\gcore\gdal_priv.h(586): warning C4251: 'GDALColorTable::aoEntries' : class 'std::vector<_Ty>' needs to have dll-interface to be used by clients of class 'GDALColorTable'
                 with
                 [
                     _Ty=GDALColorEntry
                 ]
     1>K:\Components\LibraryV2\GDAL\GDAL_2.0.2_VC_Solution\gdal-2.0.2\gcore\gdal_priv.h(980): warning C4251: 'GDALDriverManager::oMapNameToDrivers' : class 'std::map<_Kty,_Ty>' needs to have dll-interface to be used by clients of class 'GDALDriverManager'
                 with
                 [
                     _Kty=CPLString,
                     _Ty=GDALDriver *
                 ]
       ManifestResourceCompile:
         C:\Program Files (x86)\Microsoft SDKs\Windows\v7.0A\bin\rc.exe /nologo /fo"K:\Components\LibraryV2\GDAL\GDAL_2.0.2_VC_Solution\libgdal-2.0.2\test_libgdal2\x64\Debug\test_static_gdal-2.0.2.exe.embed.manifest.res" K:\Components\LibraryV2\GDAL\GDAL_2.0.2_VC_Solution\libgdal-2.0.2\test_libgdal2\x64\Debug\test_static_gdal-2.0.2_manifest.rc 
       Link:
         c:\Program Files (x86)\Microsoft Visual Studio 10.0\VC\bin\x86_amd64\link.exe /ERRORREPORT:PROMPT /OUT:"K:\Components\LibraryV2\GDAL\GDAL_2.0.2_VC_Solution\libgdal-2.0.2\test_libgdal2\x64\Debug\test_static_gdal-2.0.2.exe" /INCREMENTAL /NOLOGO /LIBPATH:../lib/amd64/Debug /LIBPATH:"../../3rdpart/expat-2.1.0/win32/bin/Debug" /LIBPATH:"../../3rdpart/sqlite-3.12/libsqlite/lib/amd64/Debug" wsock32.lib ws2_32.lib "gdal-2.0.2.lib" libexpat.lib /MANIFEST /ManifestFile:"K:\Components\LibraryV2\GDAL\GDAL_2.0.2_VC_Solution\libgdal-2.0.2\test_libgdal2\x64\Debug\test_static_gdal-2.0.2.exe.intermediate.manifest" /MANIFESTUAC:"level='asInvoker' uiAccess='false'" /DEBUG /PDB:"K:\Components\LibraryV2\GDAL\GDAL_2.0.2_VC_Solution\libgdal-2.0.2\test_libgdal2\x64\Debug\test_static_gdal-2.0.2.pdb" /SUBSYSTEM:CONSOLE /TLBID:1 /DYNAMICBASE /NXCOMPAT /IMPLIB:"K:\Components\LibraryV2\GDAL\GDAL_2.0.2_VC_Solution\libgdal-2.0.2\test_libgdal2\x64\Debug\test_static_gdal-2.0.2.lib" /MACHINE:X64 "K:\Components\LibraryV2\GDAL\GDAL_2.0.2_VC_Solution\libgdal-2.0.2\test_libgdal2\x64\Debug\test_static_gdal-2.0.2.exe.embed.manifest.res"
         "K:\Components\LibraryV2\GDAL\GDAL_2.0.2_VC_Solution\libgdal-2.0.2\test_libgdal2\x64\Debug\test_libgdal2.obj"
     1>LINK : fatal error LNK1104: cannot open file 'gdal-2.0.2.lib'
     1>Done Building Project "K:\Components\LibraryV2\GDAL\GDAL_2.0.2_VC_Solution\libgdal-2.0.2\test_libgdal2\test_libgdal2.vcxproj" (build target(s)) -- FAILED.

Build FAILED.

Time Elapsed 00:00:02.01
